\BOOKMARK [0][-]{chapter.1}{\376\377\006\101\006\065\006\104\000\040\000\040\000\040\000\040\000\040\000P\000o\000l\000a\000r\000i\000s\000\040\000S\000e\000r\000v\000e\000r}{}% 1
\BOOKMARK [0][-]{chapter.2}{\376\377\006\101\006\065\006\104\000\040\000\040\000\040\000\040\000\040\000\040\000W\000e\000b\000\040\000A\000p\000p\000l\000i\000c\000a\000t\000i\000o\000n}{}% 2
\BOOKMARK [1][-]{section.2.1}{\376\377\006\110\006\061\006\110\006\057\000\040\006\050\006\107\000\040\006\063\006\047\006\105\006\047\006\106\006\107}{chapter.2}% 3
\BOOKMARK [1][-]{section.2.2}{\376\377\000S\000i\000d\000e\000b\000a\000r}{chapter.2}% 4
\BOOKMARK [1][-]{section.2.3}{\376\377\006\057\006\047\006\064\006\050\006\110\006\061\006\057}{chapter.2}% 5
\BOOKMARK [2][-]{subsection.2.3.1}{\376\377\006\106\006\055\006\110\006\107\000\040\006\251\006\063\006\050\000\040\006\047\006\067\006\104\006\047\006\071\006\047\006\052\000\040\006\057\006\061\000\040\006\061\006\047\006\050\006\067\006\107\000\040\006\050\006\047\000\040\006\106\006\052\006\047\006\314\006\054\000\040\006\052\006\063\006\052\040\014\006\107\006\047}{section.2.3}% 6
\BOOKMARK [2][-]{subsection.2.3.2}{\376\377\006\057\006\314\006\257\006\061\000\040\006\106\006\105\006\110\006\057\006\047\006\061\006\107\006\047\006\314\000\040\006\052\006\055\006\104\006\314\006\104\006\314}{section.2.3}% 7
\BOOKMARK [1][-]{section.2.4}{\376\377\006\054\006\057\006\110\006\104\000\040\006\106\006\052\006\047\006\314\006\054}{chapter.2}% 8
\BOOKMARK [1][-]{section.2.5}{\376\377\006\106\006\102\006\064\006\107}{chapter.2}% 9
\BOOKMARK [1][-]{section.2.6}{\376\377\006\106\006\110\006\047\006\061\000\040\006\176\006\314\006\105\006\047\006\314\006\064\000\040\000\050\000N\000a\000v\000i\000g\000a\000t\000i\000o\000n\000\040\000b\000a\000r\000\051}{chapter.2}% 10
\BOOKMARK [1][-]{section.2.7}{\376\377\006\047\006\257\006\061\000\040\006\047\006\057\006\105\006\314\006\106\000\040\006\107\006\063\006\052\006\314\006\057\000\040\006\050\006\056\006\110\006\047\006\106\006\314\006\057}{chapter.2}% 11
\BOOKMARK [0][-]{chapter.3}{\376\377\006\101\006\065\006\104\000\040\000\040\000\040\000\040\000\040\000\040\000A\000n\000d\000r\000o\000i\000d\000\040\000M\000o\000b\000i\000l\000e}{}% 12
\BOOKMARK [1][-]{section.3.1}{\376\377\006\176\006\314\006\251\006\061\006\050\006\106\006\057\006\314\000\040\006\110\000\040\006\061\006\047\006\107\040\014\006\047\006\106\006\057\006\047\006\062\006\314\000\040\006\047\006\110\006\104\006\314\006\107\000\040\006\047\006\176\006\104\006\314\006\251\006\314\006\064\006\106}{chapter.3}% 13
\BOOKMARK [1][-]{section.3.2}{\376\377\006\105\006\054\006\110\006\062\006\107\006\047\006\314\000\040\006\105\006\110\006\061\006\057\006\106\006\314\006\047\006\062}{chapter.3}% 14
\BOOKMARK [1][-]{section.3.3}{\376\377\006\065\006\101\006\055\006\107\000\040\006\110\006\061\006\110\006\057\000\040\006\110\000\040\006\053\006\050\006\052\040\014\006\106\006\047\006\105}{chapter.3}% 15
\BOOKMARK [1][-]{section.3.4}{\376\377\006\105\006\055\006\314\006\067\000\040\006\047\006\065\006\104\006\314}{chapter.3}% 16
\BOOKMARK [2][-]{subsection.3.4.1}{\376\377\006\052\006\106\006\070\006\314\006\105\006\047\006\052}{section.3.4}% 17
\BOOKMARK [2][-]{subsection.3.4.2}{\376\377\006\047\006\067\006\104\006\047\006\071\006\047\006\052\000\040\006\064\006\050\006\251\006\107}{section.3.4}% 18
\BOOKMARK [2][-]{subsection.3.4.3}{\376\377\006\052\006\063\006\052\040\014\006\107\006\047}{section.3.4}% 19
\BOOKMARK [2][-]{subsection.3.4.4}{\376\377\006\105\006\057\006\314\006\061\006\314\006\052\000\040\006\055\006\063\006\047\006\050\000\040\006\251\006\047\006\061\006\050\006\061\006\314}{section.3.4}% 20
