\BOOKMARK [0][-]{chapter.1}{\376\377\006\101\006\065\006\104\000\040\000\040\000\040\000\040\000\040\006\105\006\071\006\061\006\101\006\314\000\040\006\176\006\061\006\110\006\230\006\107}{}% 1
\BOOKMARK [0][-]{chapter.2}{\376\377\006\101\006\065\006\104\000\040\000\040\000\040\000\040\000\040\000\040\000P\000o\000l\000a\000r\000i\000s\000\040\000C\000l\000i\000e\000n\000t}{}% 2
\BOOKMARK [1][-]{section.2.1}{\376\377\000W\000e\000b\000\040\000A\000p\000p\000l\000i\000c\000a\000t\000i\000o\000n}{chapter.2}% 3
\BOOKMARK [2][-]{subsection.2.1.1}{\376\377\006\106\006\110\006\047\006\061\000\040\006\251\006\106\006\047\006\061\006\314\000\040\000\050\000S\000i\000d\000e\000b\000a\000r\000\051}{section.2.1}% 4
\BOOKMARK [2][-]{subsection.2.1.2}{\376\377\006\057\006\047\006\064\006\050\006\110\006\061\006\057}{section.2.1}% 5
\BOOKMARK [2][-]{subsection.2.1.3}{\376\377\006\052\006\110\006\066\006\314\006\055\006\047\006\052\000\040\006\105\006\061\006\052\006\050\006\067\000\040\006\050\006\047\000\040\006\251\006\047\006\061\006\052\040\014\006\107\006\047}{section.2.1}% 6
\BOOKMARK [2][-]{subsection.2.1.4}{\376\377\006\057\006\314\006\257\006\061\000\040\006\106\006\105\006\110\006\057\006\047\006\061\006\107\006\047\006\314\000\040\006\052\006\055\006\104\006\314\006\104\006\314}{section.2.1}% 7
\BOOKMARK [2][-]{subsection.2.1.5}{\376\377\000N\000a\000v\000i\000g\000a\000t\000i\000o\000n\000\040\000b\000a\000r}{section.2.1}% 8
\BOOKMARK [2][-]{subsection.2.1.6}{\376\377\006\065\006\101\006\055\006\107\000\040\006\110\006\061\006\110\006\057}{section.2.1}% 9
\BOOKMARK [2][-]{subsection.2.1.7}{\376\377\006\047\006\251\006\047\006\106\006\052\000\040\006\047\006\057\006\105\006\314\006\106}{section.2.1}% 10
\BOOKMARK [2][-]{subsection.2.1.8}{\376\377\006\106\006\052\006\314\006\054\006\107\040\014\006\257\006\314\006\061\006\314}{section.2.1}% 11
\BOOKMARK [1][-]{section.2.2}{\376\377\000\040\000A\000n\000d\000r\000o\000i\000d\000\040\000M\000o\000b\000i\000l\000e\000\040\000C\000l\000i\000e\000n\000t}{chapter.2}% 12
\BOOKMARK [2][-]{subsection.2.2.1}{\376\377\000u\000t\000i\000l\000s}{section.2.2}% 13
\BOOKMARK [2][-]{subsection.2.2.2}{\376\377\000\040\000v\000i\000e\000w\000M\000o\000d\000e\000l\000\040\000:\000\040\000S\000h\000a\000r\000e\000d\000V\000i\000e\000w\000M\000o\000d\000e\000l}{section.2.2}% 14
\BOOKMARK [2][-]{subsection.2.2.3}{\376\377\000\040\000s\000e\000r\000v\000i\000c\000e\000\040\000:\000\040\000M\000y\000F\000o\000r\000e\000g\000r\000o\000u\000n\000d\000S\000e\000r\000v\000i\000c\000e}{section.2.2}% 15
\BOOKMARK [2][-]{subsection.2.2.4}{\376\377\006\052\006\055\006\104\006\314\006\104\000\040\006\047\006\251\006\052\006\314\006\110\006\314\006\052\006\314\040\014\006\107\006\047}{section.2.2}% 16
\BOOKMARK [2][-]{subsection.2.2.5}{\376\377\000U\000I\000\040\000:\000\040\000F\000r\000a\000g\000m\000e\000n\000t\000s}{section.2.2}% 17
\BOOKMARK [2][-]{subsection.2.2.6}{\376\377\000c\000u\000s\000t\000o\000m\000V\000i\000e\000w\000s\000\040\000:\000\040\000P\000r\000o\000f\000i\000l\000e\000I\000n\000f\000o\000I\000t\000e\000m\000V\000i\000e\000w}{section.2.2}% 18
\BOOKMARK [0][-]{chapter.3}{\376\377\006\101\006\065\006\104\000\040\000\040\000\040\000\040\000\040\000\040\000P\000o\000l\000a\000r\000i\000s\000\040\000S\000e\000r\000v\000e\000r}{}% 19
\BOOKMARK [1][-]{section.3.1}{\376\377\000A\000u\000t\000h\000e\000n\000t\000i\000c\000a\000t\000i\000o\000n\000\040}{chapter.3}% 20
\BOOKMARK [2][-]{subsection.3.1.1}{\376\377\000R\000e\000g\000i\000s\000t\000e\000r\000\040\000A\000P\000I\000\040\000\050\006\053\006\050\006\052\040\014\006\106\006\047\006\105\000\040\006\251\006\047\006\061\006\050\006\061\000\051}{section.3.1}% 21
\BOOKMARK [2][-]{subsection.3.1.2}{\376\377\000L\000o\000g\000i\000n\000\040\000A\000P\000I\000\040\000\050\006\110\006\061\006\110\006\057\000\040\006\251\006\047\006\061\006\050\006\061\000\051}{section.3.1}% 22
\BOOKMARK [2][-]{subsection.3.1.3}{\376\377\000L\000o\000g\000o\000u\000t\000\040\000A\000P\000I\000\040\000\050\006\056\006\061\006\110\006\054\000\040\006\251\006\047\006\061\006\050\006\061\000\051}{section.3.1}% 23
\BOOKMARK [2][-]{subsection.3.1.4}{\376\377\000P\000r\000o\000f\000i\000l\000e\000\040\000A\000P\000I\000\040\000\050\006\106\006\105\006\047\006\314\006\107\000\040\006\251\006\047\006\061\006\050\006\061\000\051}{section.3.1}% 24
\BOOKMARK [1][-]{section.3.2}{\376\377\000C\000e\000l\000l\000I\000n\000f\000o\000\040\000A\000P\000I}{chapter.3}% 25
\BOOKMARK [2][-]{subsection.3.2.1}{\376\377\006\057\006\063\006\052\006\107\040\014\006\050\006\106\006\057\006\314\000\040\006\251\006\047\006\061\006\050\006\061\006\047\006\106}{section.3.2}% 26
\BOOKMARK [2][-]{subsection.3.2.2}{\376\377\006\105\006\057\006\104\040\014\006\107\006\047}{section.3.2}% 27
\BOOKMARK [2][-]{subsection.3.2.3}{\376\377\006\105\006\057\006\104\040\014\006\107\006\047\006\314\000\040\006\047\006\056\006\052\006\065\006\047\006\065\006\314\000\040\006\107\006\061\000\040\006\106\006\063\006\104}{section.3.2}% 28
\BOOKMARK [2][-]{subsection.3.2.4}{\376\377\000S\000e\000r\000i\000a\000l\000i\000z\000e\000r\000s}{section.3.2}% 29
\BOOKMARK [2][-]{subsection.3.2.5}{\376\377\000V\000i\000e\000w\000s}{section.3.2}% 30
\BOOKMARK [1][-]{section.3.3}{\376\377\000T\000e\000s\000t\000s\000\040\000A\000P\000I}{chapter.3}% 31
\BOOKMARK [2][-]{subsection.3.3.1}{\376\377\006\110\006\314\006\230\006\257\006\314\040\014\006\107\006\047}{section.3.3}% 32
\BOOKMARK [2][-]{subsection.3.3.2}{\376\377\006\105\006\057\006\104\040\014\006\107\006\047}{section.3.3}% 33
\BOOKMARK [2][-]{subsection.3.3.3}{\376\377\000S\000e\000r\000i\000a\000l\000i\000z\000e\000r\000s}{section.3.3}% 34
\BOOKMARK [2][-]{subsection.3.3.4}{\376\377\000V\000i\000e\000w\000s}{section.3.3}% 35
\BOOKMARK [2][-]{subsection.3.3.5}{\376\377\006\106\006\105\006\110\006\106\006\107\040\014\006\107\006\047\000\040\000\050\006\110\006\061\006\110\006\057\006\314\000\040\006\110\000\040\006\056\006\061\006\110\006\054\006\314\000\051}{section.3.3}% 36
\BOOKMARK [1][-]{section.3.4}{\376\377\000T\000h\000r\000e\000s\000h\000o\000l\000d\000\040\000A\000P\000I}{chapter.3}% 37
\BOOKMARK [2][-]{subsection.3.4.1}{\376\377\006\110\006\314\006\230\006\257\006\314\040\014\006\107\006\047}{section.3.4}% 38
\BOOKMARK [2][-]{subsection.3.4.2}{\376\377\006\105\006\057\006\104\040\014\006\107\006\047}{section.3.4}% 39
\BOOKMARK [2][-]{subsection.3.4.3}{\376\377\000S\000e\000r\000i\000a\000l\000i\000z\000e\000r\000s}{section.3.4}% 40
\BOOKMARK [2][-]{subsection.3.4.4}{\376\377\000V\000i\000e\000w\000s}{section.3.4}% 41
